penalty= 1000 coup= 1000
(0.0, 0.0, 0.0, 0.0, 0.0, 0.0, 0.0, 0.0, 0.0)
penalty= 2000 coup= 1000
(0.0, 0.0, 0.0, 0.0, 0.0, 0.0, 0.0, 0.0, 0.0)
penalty= 3000 coup= 1000
(0.0, 0.0, 0.0, 0.0, 0.0, 0.0, 0.0, 0.0, 0.0)
penalty= 4000 coup= 1000
(1.0, 1.0, 1.0, 1.0, 1.0, 1.0, 1.0, 1.0, 1.0)
penalty= 5000 coup= 1000
(1.0, 1.0, 1.0, 1.0, 1.0, 1.0, 1.0, 1.0, 1.0)
penalty= 6000 coup= 1000
(1.0, 1.0, 1.0, 1.0, 1.0, 1.0, 1.0, 1.0, 1.0)
penalty= 7000 coup= 1000
(1.0, 1.0, 1.0, 1.0, 1.0, 1.0, 1.0, 1.0, 1.0)
penalty= 8000 coup= 1000
(1.0, 1.0, 1.0, 1.0, 1.0, 1.0, 1.0, 1.0, 1.0)
penalty= 9000 coup= 1000
(1.0, 1.0, 1.0, 1.0, 1.0, 1.0, 1.0, 1.0, 1.0)
penalty= 1000 coup= 2000
(1.0, 0.0, 0.0, 0.0, 1.0, 0.0, 0.0, 0.0, 1.0)
penalty= 2000 coup= 2000
(0.0, 0.0, 0.0, 0.0, 0.0, 0.0, 0.0, 0.0, 0.0)
penalty= 3000 coup= 2000
(0.0, 0.0, 0.0, 0.0, 0.0, 0.0, 0.0, 0.0, 0.0)
penalty= 4000 coup= 2000
(0.0, 0.0, 0.0, 0.0, 0.0, 0.0, 0.0, 0.0, 0.0)
penalty= 5000 coup= 2000
(1.0, 1.0, 1.0, 1.0, 1.0, 1.0, 1.0, 1.0, 1.0)
penalty= 6000 coup= 2000
(1.0, 1.0, 1.0, 1.0, 1.0, 1.0, 1.0, 1.0, 1.0)
penalty= 7000 coup= 2000
(1.0, 1.0, 1.0, 1.0, 1.0, 1.0, 1.0, 1.0, 1.0)
penalty= 8000 coup= 2000
(1.0, 1.0, 1.0, 1.0, 1.0, 1.0, 1.0, 1.0, 1.0)
penalty= 9000 coup= 2000
(1.0, 1.0, 1.0, 1.0, 1.0, 1.0, 1.0, 1.0, 1.0)
penalty= 1000 coup= 3000
(1.0, 0.0, 1.0, 1.0, 1.0, 0.0, 0.0, 1.0, 1.0)
penalty= 2000 coup= 3000
(0.0, 1.0, 0.0, 1.0, 0.0, 0.0, 0.0, 0.0, 1.0)
penalty= 3000 coup= 3000
(0.0, 0.0, 0.0, 0.0, 0.0, 0.0, 0.0, 0.0, 0.0)
penalty= 4000 coup= 3000
(0.0, 0.0, 0.0, 0.0, 0.0, 0.0, 0.0, 0.0, 0.0)
penalty= 5000 coup= 3000
(1.0, 1.0, 1.0, 1.0, 1.0, 1.0, 1.0, 1.0, 1.0)
penalty= 6000 coup= 3000
(1.0, 1.0, 1.0, 1.0, 1.0, 1.0, 1.0, 1.0, 1.0)
penalty= 7000 coup= 3000
(1.0, 1.0, 1.0, 1.0, 1.0, 1.0, 1.0, 1.0, 1.0)
penalty= 8000 coup= 3000
(1.0, 1.0, 1.0, 1.0, 1.0, 1.0, 1.0, 1.0, 1.0)
penalty= 9000 coup= 3000
(1.0, 1.0, 1.0, 1.0, 1.0, 1.0, 1.0, 1.0, 1.0)
penalty= 1000 coup= 4000
(1.0, 1.0, 0.0, 1.0, 0.0, 1.0, 0.0, 1.0, 1.0)
penalty= 2000 coup= 4000
(1.0, 0.0, 0.0, 0.0, 1.0, 0.0, 0.0, 0.0, 1.0)
penalty= 3000 coup= 4000
(0.0, 1.0, 0.0, 1.0, 0.0, 0.0, 0.0, 0.0, 1.0)
penalty= 4000 coup= 4000
(0.0, 0.0, 0.0, 0.0, 0.0, 0.0, 0.0, 0.0, 0.0)
penalty= 5000 coup= 4000
(1.0, 1.0, 1.0, 1.0, 1.0, 1.0, 1.0, 1.0, 1.0)
penalty= 6000 coup= 4000
(1.0, 1.0, 1.0, 1.0, 1.0, 1.0, 1.0, 1.0, 1.0)
penalty= 7000 coup= 4000
(1.0, 1.0, 1.0, 1.0, 1.0, 1.0, 1.0, 1.0, 1.0)
penalty= 8000 coup= 4000
(1.0, 1.0, 1.0, 1.0, 1.0, 1.0, 1.0, 1.0, 1.0)
penalty= 9000 coup= 4000
(1.0, 1.0, 1.0, 1.0, 1.0, 1.0, 1.0, 1.0, 1.0)
penalty= 1000 coup= 5000
(1.0, 1.0, 0.0, 1.0, 0.0, 1.0, 0.0, 1.0, 1.0)
penalty= 2000 coup= 5000
(1.0, 0.0, 1.0, 1.0, 1.0, 0.0, 0.0, 1.0, 1.0)
penalty= 3000 coup= 5000
(0.0, 1.0, 0.0, 1.0, 0.0, 0.0, 0.0, 0.0, 1.0)
penalty= 4000 coup= 5000
(1.0, 0.0, 0.0, 0.0, 1.0, 0.0, 0.0, 0.0, 1.0)
penalty= 5000 coup= 5000
(1.0, 1.0, 1.0, 1.0, 1.0, 1.0, 1.0, 1.0, 1.0)
penalty= 6000 coup= 5000
(1.0, 1.0, 1.0, 1.0, 1.0, 1.0, 1.0, 1.0, 1.0)
penalty= 7000 coup= 5000
(1.0, 1.0, 1.0, 1.0, 1.0, 1.0, 1.0, 1.0, 1.0)
penalty= 8000 coup= 5000
(1.0, 1.0, 1.0, 1.0, 1.0, 1.0, 1.0, 1.0, 1.0)
penalty= 9000 coup= 5000
(1.0, 1.0, 1.0, 1.0, 1.0, 1.0, 1.0, 1.0, 1.0)
penalty= 1000 coup= 6000
(1.0, 0.0, 1.0, 0.0, 1.0, 1.0, 1.0, 1.0, 0.0)
penalty= 2000 coup= 6000
(1.0, 1.0, 0.0, 1.0, 0.0, 1.0, 0.0, 1.0, 1.0)
penalty= 3000 coup= 6000
(0.0, 1.0, 0.0, 0.0, 0.0, 1.0, 1.0, 0.0, 0.0)
penalty= 4000 coup= 6000
(1.0, 0.0, 0.0, 0.0, 1.0, 0.0, 0.0, 0.0, 1.0)
penalty= 5000 coup= 6000
(0.0, 1.0, 0.0, 1.0, 0.0, 0.0, 0.0, 0.0, 1.0)
penalty= 6000 coup= 6000
(0.0, 0.0, 1.0, 1.0, 0.0, 0.0, 0.0, 1.0, 0.0)
penalty= 7000 coup= 6000
(1.0, 1.0, 1.0, 1.0, 1.0, 1.0, 1.0, 1.0, 1.0)
penalty= 8000 coup= 6000
(1.0, 1.0, 1.0, 1.0, 1.0, 1.0, 1.0, 1.0, 1.0)
penalty= 9000 coup= 6000
(1.0, 1.0, 1.0, 1.0, 1.0, 1.0, 1.0, 1.0, 1.0)
penalty= 1000 coup= 7000
(1.0, 1.0, 1.0, 1.0, 1.0, 1.0, 1.0, 1.0, 1.0)
penalty= 2000 coup= 7000
(1.0, 1.0, 0.0, 1.0, 0.0, 1.0, 0.0, 1.0, 1.0)
penalty= 3000 coup= 7000
(1.0, 0.0, 1.0, 0.0, 1.0, 1.0, 1.0, 1.0, 0.0)
penalty= 4000 coup= 7000
(1.0, 0.0, 0.0, 0.0, 1.0, 0.0, 0.0, 0.0, 1.0)
penalty= 5000 coup= 7000
(1.0, 0.0, 0.0, 0.0, 1.0, 0.0, 0.0, 0.0, 1.0)
penalty= 6000 coup= 7000
(1.0, 0.0, 0.0, 0.0, 0.0, 1.0, 0.0, 1.0, 0.0)
penalty= 7000 coup= 7000
(1.0, 1.0, 1.0, 1.0, 1.0, 1.0, 1.0, 1.0, 1.0)
penalty= 8000 coup= 7000
(1.0, 1.0, 1.0, 1.0, 1.0, 1.0, 1.0, 1.0, 1.0)
penalty= 9000 coup= 7000
(1.0, 1.0, 1.0, 1.0, 1.0, 1.0, 1.0, 1.0, 1.0)
penalty= 1000 coup= 8000
(1.0, 1.0, 1.0, 1.0, 1.0, 1.0, 1.0, 1.0, 1.0)
penalty= 2000 coup= 8000
(0.0, 1.0, 1.0, 1.0, 1.0, 0.0, 1.0, 0.0, 1.0)
penalty= 3000 coup= 8000
(0.0, 1.0, 1.0, 1.0, 1.0, 0.0, 1.0, 0.0, 1.0)
penalty= 4000 coup= 8000
(1.0, 0.0, 0.0, 0.0, 1.0, 0.0, 0.0, 1.0, 1.0)
penalty= 5000 coup= 8000
(1.0, 0.0, 0.0, 0.0, 1.0, 0.0, 0.0, 0.0, 1.0)
penalty= 6000 coup= 8000
(0.0, 1.0, 0.0, 0.0, 0.0, 1.0, 1.0, 0.0, 0.0)
penalty= 7000 coup= 8000
(0.0, 0.0, 1.0, 0.0, 1.0, 0.0, 1.0, 0.0, 0.0)
penalty= 8000 coup= 8000
(1.0, 1.0, 1.0, 1.0, 1.0, 1.0, 1.0, 1.0, 1.0)
penalty= 9000 coup= 8000
(1.0, 1.0, 1.0, 1.0, 1.0, 1.0, 1.0, 1.0, 1.0)
penalty= 1000 coup= 9000
(1.0, 1.0, 1.0, 1.0, 1.0, 1.0, 1.0, 1.0, 1.0)
penalty= 2000 coup= 9000
(1.0, 1.0, 0.0, 0.0, 1.0, 1.0, 1.0, 0.0, 1.0)
penalty= 3000 coup= 9000
(1.0, 0.0, 1.0, 0.0, 1.0, 1.0, 1.0, 1.0, 0.0)
penalty= 4000 coup= 9000
(1.0, 0.0, 1.0, 0.0, 1.0, 1.0, 1.0, 1.0, 0.0)
penalty= 5000 coup= 9000
(1.0, 0.0, 0.0, 0.0, 1.0, 0.0, 0.0, 0.0, 1.0)
penalty= 6000 coup= 9000
(1.0, 0.0, 0.0, 0.0, 1.0, 0.0, 0.0, 0.0, 1.0)
penalty= 7000 coup= 9000
(0.0, 1.0, 0.0, 0.0, 0.0, 1.0, 1.0, 0.0, 0.0)
penalty= 8000 coup= 9000
(0.0, 0.0, 1.0, 1.0, 0.0, 0.0, 0.0, 1.0, 0.0)
penalty= 9000 coup= 9000
(0.0, 0.0, 1.0, 0.0, 1.0, 0.0, 1.0, 0.0, 0.0)
