mat=
[0, 1000.0, 1000.0, 40.0]
[1000.0, 0, 40.0, 1000.0]
[1000.0, 40.0, 0, 1000.0]
[40.0, 1000.0, 1000.0, 0]
bias= [-1000.0, -1000.0, -1000.0, -1000.0]
i= 0 line= [0, 1000.0, 1000.0, 40.0]
j= 0 val= 0
j= 1 val= 1000.0
j= 2 val= 1000.0
j= 3 val= 40.0
i= 1 line= [1000.0, 0, 40.0, 1000.0]
j= 0 val= 1000.0
j= 1 val= 0
j= 2 val= 40.0
j= 3 val= 1000.0
i= 2 line= [1000.0, 40.0, 0, 1000.0]
j= 0 val= 1000.0
j= 1 val= 40.0
j= 2 val= 0
j= 3 val= 1000.0
i= 3 line= [40.0, 1000.0, 1000.0, 0]
j= 0 val= 40.0
j= 1 val= 1000.0
j= 2 val= 1000.0
j= 3 val= 0
tensor([[   0., 1000., 1000.,   40.],
        [1000.,    0.,   40., 1000.],
        [1000.,   40.,    0., 1000.],
        [  40., 1000., 1000.,    0.]])
self.weights= tensor([[  100., -1000., -1000.,   -40.],
        [-1000.,   100.,   -40., -1000.],
        [-1000.,   -40.,   100., -1000.],
        [  -40., -1000., -1000.,   100.]])
penalty= 1000 coup= 100
[ -2.15673576 -10.17054115 -10.17053924 -18.50436531 -10.17053924
 -18.50436531  -0.95677696 -10.0817884  -10.17054115  -0.95677696
 -18.50436531 -10.0817884  -18.50436531 -10.0817884  -10.0817884
  -2.15658699]
maxprob= [-0.9567769577125986, -0.9567769577125986, -2.1565869857887705, -2.15673575898213, -10.081788401804396, -10.081788401804396, -10.081788401804396, -10.081788401804396, -10.170539241037794, -10.170539241037794]
max= 6 min= 3
