penalty= 1000 coup= 1000
maxprob= [-4.279343309973633, -5.0225970178593755, -5.029835405920899, -5.047977152441895, -5.052929583166993, -5.063003244971192, -5.068167391394532, -5.07967442569629, -5.088288012122071, -5.095708551978028]
max= [0] min= 504
penalty= 2000 coup= 1000
maxprob= [-1.4791770131531905, -2.5699687154236983, -4.384963527435417, -4.393733516449089, -4.41567946981823, -4.421758189911003, -4.427407756561394, -4.427987590545769, -4.429070964569206, -4.429358974212761]
max= [0] min= 56
penalty= 3000 coup= 1000
maxprob= [-0.7423468224388401, -1.1770582787376682, -4.155076085744504, -4.15517526787341, -4.155375539479856, -4.155417501149778, -4.155434667287473, -4.155516683278684, -4.155558644948606, -4.155577718434934]
max= [0] min= 56
penalty= 4000 coup= 1000
maxprob= [-0.6955335554113731, -0.85875300731567, -4.855659287833248, -4.855670731925045, -4.85570124950317, -4.855708878897701, -4.855712693594967, -4.855724137686764, -4.855727952384029, -4.855731767081295]
max= [0] min= 56
penalty= 5000 coup= 1000
maxprob= [-0.6932660162246478, -0.7536946356094134, -5.753271204212929, -5.753271204212929, -5.75327883360746, -5.75327883360746, -5.75327883360746, -5.75327883360746, -5.753282648304726, -5.753282648304726]
max= [0] min= 56
penalty= 6000 coup= 1000
maxprob= [-0.6931526126630629, -0.7154342593915786, -6.715373224235329, -6.715373224235329, -6.715377038932594, -6.715377038932594, -6.715377038932594, -6.715377038932594, -6.715377038932594, -6.715377038932594]
max= [0] min= 56
penalty= 7000 coup= 1000
maxprob= [-0.6931482645329439, -0.7013498636540376, -7.701338419562241, -7.701338419562241, -7.701342234259506, -7.701342234259506, -7.701342234259506, -7.701342234259506, -7.701342234259506, -7.701342234259506]
max= [0] min= 56
penalty= 8000 coup= 1000
maxprob= [-0.6931459015518158, -0.6961671417861908, -8.69616714178619, -8.69616714178619, -8.69616714178619, -8.69616714178619, -8.69616714178619, -8.69616714178619, -8.69616714178619, -8.69616714178619]
max= [0] min= 56
penalty= 9000 coup= 1000
maxprob= [-0.6931493599309562, -0.6942556221379874, -9.694255622137987, -9.694255622137987, -9.694255622137987, -9.694255622137987, -9.694255622137987, -9.694255622137987, -9.694255622137987, -9.694255622137987]
max= [0] min= 56
penalty= 1000 coup= 2000
maxprob= [-5.072844169247908, -5.076126716244978, -5.089275977719588, -5.099142692197127, -5.1007477260716385, -5.10733380090074, -5.293285033810896, -5.310712478268904, -5.315589568723006, -5.320212981808943]
max= [273] min= 504
penalty= 2000 coup= 2000
maxprob= [-3.148683464431894, -3.718183433914316, -3.7218798755647065, -3.7366809009553315, -3.747785484695566, -3.7496127246858, -3.757018959427011, -4.151565468216074, -5.084907448196542, -5.093677437210214]
max= [0] min= 56
penalty= 3000 coup= 2000
maxprob= [-0.9692298964440162, -1.399520118611985, -4.322940071004563, -4.326821525472337, -4.340268333333665, -4.340535362142258, -4.341069419759446, -4.341180045980149, -4.341225822347337, -4.341447074788743]
max= [0] min= 56
penalty= 4000 coup= 2000
maxprob= [-0.7058624907268012, -0.8688645048869574, -4.860460726810786, -4.860502688480707, -4.86057898242602, -4.860594241215082, -4.860605685306879, -4.860636202885004, -4.860655276371332, -4.860662905765864]
max= [0] min= 56
penalty= 5000 coup= 2000
maxprob= [-0.6937406200882492, -0.754157795381218, -5.753005756806999, -5.753009571504265, -5.753021015596062, -5.753024830293327, -5.753024830293327, -5.753028644990593, -5.753032459687859, -5.753032459687859]
max= [0] min= 56
penalty= 6000 coup= 2000
maxprob= [-0.6931752515935514, -0.715456898322067, -6.715296681036911, -6.715300495734176, -6.715300495734176, -6.715300495734176, -6.715300495734176, -6.715300495734176, -6.715300495734176, -6.715304310431442]
max= [0] min= 56
penalty= 7000 coup= 2000
maxprob= [-0.6931493785992018, -0.7013509777202955, -7.701328089536702, -7.701328089536702, -7.701328089536702, -7.701328089536702, -7.701328089536702, -7.701328089536702, -7.701331904233967, -7.701331904233967]
max= [0] min= 56
penalty= 8000 coup= 2000
maxprob= [-0.693145954114371, -0.696167194348746, -8.696167194348746, -8.696167194348746, -8.696167194348746, -8.696167194348746, -8.696167194348746, -8.696167194348746, -8.696167194348746, -8.696167194348746]
max= [0] min= 56
penalty= 9000 coup= 2000
maxprob= [-0.6931493625437639, -0.6942556247507952, -9.694255624750795, -9.694255624750795, -9.694255624750795, -9.694255624750795, -9.694255624750795, -9.694255624750795, -9.694255624750795, -9.694255624750795]
max= [0] min= 56
penalty= 1000 coup= 3000
maxprob= [-4.350306493951372, -4.350527746392778, -4.350602132989458, -4.350951177789263, -4.351429922296099, -4.351553899957231, -4.913922292901567, -4.9238900968566455, -4.9364938566222705, -4.943121893121294]
max= [245] min= 0
penalty= 2000 coup= 3000
maxprob= [-3.6998588754296513, -3.703604908144495, -3.7186042977929326, -3.729861469423792, -3.7317077829003544, -3.73921892181637, -4.671637745058558, -4.675749988710901, -4.68399545685055, -4.687335224306604]
max= [273] min= 56
penalty= 3000 coup= 3000
maxprob= [-2.3857189453127567, -2.7531029022219364, -2.757001522827405, -2.7726112640383427, -2.784318569946546, -2.7862564361574833, -2.7940651214602177, -2.804002407837171, -5.126512173462171, -5.130292538452405]
max= [0] min= 56
penalty= 4000 coup= 3000
maxprob= [-0.8367113156402226, -0.9991144223296757, -4.1106180234038945, -4.114581493862879, -4.130431561001551, -4.1423257870757695, -4.144301800259363, -4.152228741177332, -4.976329235562098, -4.9764322323882695]
max= [0] min= 56
penalty= 5000 coup= 3000
maxprob= [-0.7000438472966124, -0.7604343197087218, -5.757294823859112, -5.757310082648175, -5.7573406002263, -5.757348229620831, -5.757352044318097, -5.757363488409894, -5.757371117804425, -5.7573749325016905]
max= [0] min= 56
penalty= 6000 coup= 3000
maxprob= [-0.6934816354367044, -0.7157594674679544, -6.715332221374204, -6.71533603607147, -6.715339850768736, -6.715339850768736, -6.715339850768736, -6.715339850768736, -6.715339850768736, -6.715343665466001]
max= [0] min= 56
penalty= 7000 coup= 3000
maxprob= [-0.6931643886961396, -0.7013659878172334, -7.701304952660983, -7.701304952660983, -7.701308767358249, -7.701308767358249, -7.701308767358249, -7.701308767358249, -7.701308767358249, -7.701308767358249]
max= [0] min= 56
penalty= 8000 coup= 3000
maxprob= [-0.6931467028220624, -0.6961679430564374, -8.696160313661906, -8.696160313661906, -8.696160313661906, -8.696160313661906, -8.696160313661906, -8.696160313661906, -8.696160313661906, -8.696160313661906]
max= [0] min= 56
penalty= 9000 coup= 3000
maxprob= [-0.6931493991998394, -0.6942556614068707, -9.69425566140687, -9.69425566140687, -9.69425566140687, -9.69425566140687, -9.69425566140687, -9.69425566140687, -9.69425566140687, -9.69425566140687]
max= [0] min= 56
penalty= 1000 coup= 4000
maxprob= [-3.6170621011283757, -3.6172585580375554, -3.6173291299369694, -3.617630491020954, -3.6180424783256413, -3.618149289849079, -4.969204435112751, -4.9795518014457585, -4.994308957817829, -5.0011887643363835]
max= [245] min= 0
penalty= 2000 coup= 4000
maxprob= [-4.446530600945842, -4.450297614495646, -4.4653713907407635, -4.476681968133342, -4.478541633050334, -4.48608710424174, -4.633399268548381, -4.652989646355998, -4.663384696404826, -4.667731543939006]
max= [273] min= 504
penalty= 3000 coup= 4000
maxprob= [-2.7387632463089773, -2.742673311006243, -2.758305940400774, -2.7700399491898366, -2.771977815400774, -2.779801759492571, -4.55780926681679, -4.561833772432024, -4.571023378144915, -4.5746473405472585]
max= [273] min= 56
penalty= 4000 coup= 4000
maxprob= [-2.058625505266555, -2.219399736223586, -2.334393785295852, -2.338357255754836, -2.354218766985305, -2.3661168077567893, -2.368092820940383, -2.376027391252883, -5.68097047596968, -5.684880540666946]
max= [0] min= 56
penalty= 5000 coup= 4000
maxprob= [-0.8111167000085189, -0.8714232490807845, -4.050496582821019, -4.054482941463597, -4.070436005428441, -4.082395081356175, -4.084390168026097, -4.092362885311253, -5.862905030086644, -5.862946991756566]
max= [0] min= 56
penalty= 6000 coup= 4000
maxprob= [-0.6991586714049305, -0.7214326887389149, -6.720273020770165, -6.720280650164696, -6.720292094256493, -6.720292094256493, -6.720295908953759, -6.720295908953759, -6.720299723651024, -6.720299723651024]
max= [0] min= 56
penalty= 7000 coup= 4000
maxprob= [-0.693445357501254, -0.7016469566223478, -7.701490554034457, -7.701490554034457, -7.701490554034457, -7.701490554034457, -7.701490554034457, -7.701490554034457, -7.701490554034457, -7.701494368731723]
max= [0] min= 56
penalty= 8000 coup= 4000
maxprob= [-0.6931606596906761, -0.6961818999250511, -8.696159011741457, -8.696159011741457, -8.696159011741457, -8.696159011741457, -8.696159011741457, -8.696159011741457, -8.696159011741457, -8.696159011741457]
max= [0] min= 56
penalty= 9000 coup= 4000
maxprob= [-0.6931500923090539, -0.6942563545160851, -9.694256354516085, -9.694256354516085, -9.694256354516085, -9.694256354516085, -9.694256354516085, -9.694256354516085, -9.694256354516085, -9.694256354516085]
max= [0] min= 56
penalty= 1000 coup= 5000
maxprob= [-3.3821266073505214, -3.3823058981220058, -3.3823783773700526, -3.3826549429218105, -3.383036412648373, -3.3831336874286464, -4.262844838551693, -4.269842900685482, -4.271960057667904, -4.282608785084896]
max= [245] min= 0
penalty= 2000 coup= 5000
maxprob= [-3.719645094034945, -3.719673704264437, -3.7196832410076013, -3.7197309247234216, -3.7198034039714685, -3.7198224774577966, -4.37421662723807, -4.38552148258475, -4.400932859537875, -4.408464979288851]
max= [245] min= 56
penalty= 3000 coup= 5000
maxprob= [-3.3309591239541874, -3.334869188651453, -3.350513262137781, -3.3622510856241092, -3.3641927665323124, -3.372020525321375, -4.362117571219812, -4.366237444266687, -4.3764455741495, -4.3802030509561405]
max= [273] min= 56
penalty= 4000 coup= 5000
maxprob= [-2.1940468493530076, -2.198010319811992, -2.213879460436992, -2.2257736865112108, -2.2277573290893358, -2.2356918994018358, -4.917595738513164, -4.9483612719604295, -4.952370518786601, -4.961949223620586]
max= [273] min= 56
penalty= 5000 coup= 5000
maxprob= [-1.9549516755825493, -2.0150407869106743, -2.1945833284145806, -2.1985696870571587, -2.2145227510220025, -2.2264856416470025, -2.2284769136196587, -2.236457260299346, -6.531215103316924, -6.535182388473174]
max= [0] min= 56
penalty= 6000 coup= 5000
maxprob= [-0.8060230301035745, -0.828285603345762, -4.0320056961191995, -4.035995869459043, -4.051979451002012, -4.063972859205137, -4.065964131177793, -4.073952107252012, -6.825134663404356, -6.825149922193418]
max= [0] min= 56
penalty= 7000 coup= 5000
maxprob= [-0.6990166314883552, -0.707218230609449, -6.919952453021558, -6.923950255755933, -6.939941466693433, -6.951934874896558, -6.953933776263746, -6.961937011127027, -7.706790984515699, -7.706790984515699]
max= [0] min= 56
penalty= 8000 coup= 5000
maxprob= [-0.6934381236903846, -0.6964593639247596, -8.69639832876851, -8.69639832876851, -8.69640595816304, -8.69640595816304, -8.69640595816304, -8.69640595816304, -8.69640595816304, -8.69640595816304]
max= [0] min= 56
penalty= 9000 coup= 5000
maxprob= [-0.6931638996745733, -0.6942701618816045, -9.694262532487073, -9.694262532487073, -9.694262532487073, -9.694262532487073, -9.694262532487073, -9.694262532487073, -9.694262532487073, -9.694262532487073]
max= [0] min= 56
penalty= 1000 coup= 6000
maxprob= [-3.745224377645684, -3.7453998537199027, -3.745468518270684, -3.7457355470792777, -3.7461017580167777, -3.7461971254484183, -3.792045971883965, -3.799797436727715, -3.801590344442559, -3.8131603212491996]
max= [245] min= 0
penalty= 2000 coup= 6000
maxprob= [-2.8636958385406075, -2.86371109732967, -2.8637187267242012, -2.8637454296050606, -2.863783576577717, -2.8637950206695137, -4.418349006265217, -4.4297053600249825, -4.446161964028889, -4.453730323403889]
max= [245] min= 0
penalty= 3000 coup= 6000
maxprob= [-4.395536897150265, -4.399443147150265, -4.4150948500311245, -4.426832673517453, -4.428778169122921, -4.436605927911984, -4.479284760919796, -4.499220368829953, -4.514864442316281, -4.519022462335812]
max= [273] min= 504
penalty= 4000 coup= 6000
maxprob= [-2.5494986385907907, -2.5534659237470407, -2.569331249674775, -2.581233105143525, -2.5832129330243845, -2.5911475033368845, -4.5015173763837595, -4.505560955485322, -4.516276440104463, -4.520129284342744]
max= [273] min= 56
penalty= 5000 coup= 6000
maxprob= [-1.9480562470203822, -1.9520426056629603, -1.9679994843250697, -1.9799623749500697, -1.981953646922726, -1.9899263642078822, -4.708333041453976, -4.767823245311398, -5.677346255565304, -5.681347872996945]
max= [273] min= 56
penalty= 6000 coup= 6000
maxprob= [-1.9223309005904454, -1.9445667709517735, -2.1483440841841954, -2.1523418869185704, -2.168317839067008, -2.180311247270133, -2.182302519242789, -2.190290495317008, -7.481306120317008, -7.48528866426232]
max= [0] min= 56
penalty= 7000 coup= 6000
maxprob= [-0.8047972963769894, -0.8129950808008175, -4.025740747304724, -4.029738550039099, -4.045729760976599, -4.057730798574255, -4.0597296999414425, -4.0677253054101925, -7.8118354128320675, -7.811839227529333]
max= [0] min= 56
penalty= 8000 coup= 6000
maxprob= [-0.6989882073231684, -0.7020094475575434, -6.918073900682543, -6.922071703416918, -6.938062914354418, -6.950071581346606, -6.952070482713793, -6.960066088182543, -8.701849230272387, -8.701849230272387]
max= [0] min= 56
penalty= 9000 coup= 6000
maxprob= [-0.6934407896120831, -0.6945470518191144, -9.69452416363552, -9.69452416363552, -9.69452416363552, -9.69452416363552, -9.69452416363552, -9.69452416363552, -9.69452416363552, -9.69452416363552]
max= [0] min= 56
penalty= 1000 coup= 7000
maxprob= [-2.445894978365402, -3.040217182955246, -3.093832753023605, -3.1168315628380583, -3.147444508394699, -3.160666249117355, -3.18736912997673, -3.2009151199669645, -3.248202107271652, -3.267103932222824]
max= [511] min= 0
penalty= 2000 coup= 7000
maxprob= [-2.3543277789026504, -2.3543392229944473, -2.3543392229944473, -2.3543582964807754, -2.354381184664369, -2.354392628756166, -4.871215443697572, -4.882594685640932, -4.899448018160463, -4.90702782162726]
max= [245] min= 0
penalty= 3000 coup= 7000
maxprob= [-3.6167166911740836, -3.616724320568615, -3.616724320568615, -3.6167395793576773, -3.616762467541271, -3.6167700969358023, -4.26531440845924, -4.277071305431896, -4.29403526417213, -4.301866837658459]
max= [245] min= 56
penalty= 4000 coup= 7000
maxprob= [-3.2650769966446305, -3.269040467103615, -3.284909607728615, -3.296811463197365, -3.298791291078224, -3.306725861390724, -4.291371704896584, -4.2998975532852555, -4.303952576478615, -4.311349274476662]
max= [273] min= 56
penalty= 5000 coup= 7000
maxprob= [-2.1092167043542602, -2.1132030629968384, -2.1291599416589477, -2.141119017586682, -2.143114104256604, -2.1510868215417602, -5.030588164315198, -5.0346088552331665, -5.045518889412854, -5.049310698494885]
max= [273] min= 56
penalty= 6000 coup= 7000
maxprob= [-1.849906904233599, -1.853904706967974, -1.8698882885109427, -1.8818740673195364, -1.883872968686724, -1.8918609447609427, -4.623886091245318, -4.646038038266802, -6.569816572202349, -6.573822004331255]
max= [273] min= 56
penalty= 7000 coup= 7000
maxprob= [-1.9113012305561625, -1.919495200282725, -2.132252310878428, -2.136250113612803, -2.152241324550303, -2.1642423621479594, -2.1662336341206156, -2.174236868983897, -8.46386394417921, -8.467857932216319]
max= [0] min= 56
penalty= 8000 coup= 7000
maxprob= [-0.8044325815895519, -0.8074538218239269, -4.023518274948927, -4.027523707077833, -4.043522547409864, -4.055515955612989, -4.057514856980177, -4.065518091843458, -8.807026575730177, -8.807026575730177]
max= [0] min= 56
penalty= 9000 coup= 7000
maxprob= [-0.6989854182147468, -0.700091680421778, -6.917376836671778, -6.921374639406153, -6.9373811091327156, -6.9493745173358406, -6.951373418703028, -6.9593842829608406, -9.700030645265528, -9.700030645265528]
max= [0] min= 56
penalty= 1000 coup= 8000
maxprob= [-1.2460597624389251, -2.7892306913940033, -2.843666421374472, -2.866993295153769, -2.8980754484740814, -2.9116061796752533, -2.938759194811972, -2.9524081816283783, -3.000740395983847, -3.0200656523315033]
max= [511] min= 0
penalty= 2000 coup= 8000
maxprob= [-2.1267441888029524, -2.1267556328947492, -2.126759447592015, -2.1267747063810774, -2.1267937798674055, -2.126797594564671, -5.6296013970549055, -5.640988268392796, -5.657994188802952, -5.6655816216642805]
max= [245] min= 0
penalty= 3000 coup= 8000
maxprob= [-2.7397985427058558, -2.7398023574031214, -2.7398023574031214, -2.7398099867976526, -2.7398214308894495, -2.739825245586715, -4.348460194317184, -4.36021709128984, -4.377604481426559, -4.385439869610153]
max= [245] min= 0
penalty= 4000 coup= 8000
maxprob= [-4.417137133419018, -4.421104418575268, -4.436973559200268, -4.445827471553784, -4.448875414669018, -4.450851427852612, -4.458785998165112, -4.465816485225659, -4.484088885128003, -4.488151537715893]
max= [273] min= 504
penalty= 5000 coup= 8000
maxprob= [-2.5062948541184724, -2.510277398063785, -2.52623809142316, -2.5381971673508943, -2.540192254020816, -2.5481649713059724, -4.508396752311832, -4.510986931755191, -4.512421257927066, -4.523903496696597]
max= [273] min= 56
penalty= 6000 coup= 8000
maxprob= [-1.9052096780078287, -1.9091998513476724, -1.9251834328906412, -1.937169211699235, -1.9391681130664224, -1.9471560891406412, -5.815091269804704, -5.81909670193361, -5.83008303005861, -5.8338519509570474]
max= [273] min= 56
penalty= 7000 coup= 8000
maxprob= [-1.8126976345614878, -1.8166954372958628, -1.8326866482333628, -1.8446800564364878, -1.8466789578036753, -1.8546745632724253, -4.591738924844691, -4.5999214504794566, -7.529135928018519, -7.533133730752894]
max= [273] min= 56
penalty= 8000 coup= 8000
maxprob= [-1.907379913349999, -1.910401153584374, -2.126465606709374, -2.13047103883828, -2.1464698791703114, -2.1584632873734364, -2.160462188740624, -2.168465423603905, -9.457581329365624, -9.461579132099999]
max= [0] min= 56
penalty= 9000 coup= 8000
maxprob= [-0.804316022855275, -0.8054222850623063, -4.022707441312306, -4.026705244046681, -4.042711713773244, -4.0547127513709, -4.0567116527380875, -4.064714887601369, -9.80526206777715, -9.80526206777715]
max= [0] min= 56
penalty= 1000 coup= 9000
maxprob= [-0.5536075744708384, -3.0777240905841197, -3.132461181648573, -3.155917755134901, -3.1871715698321665, -3.2008243713458384, -3.2281490478595103, -3.241832366951307, -3.2905536804278697, -3.310031524666151]
max= [511] min= 0
penalty= 2000 coup= 9000
maxprob= [-2.089094358975025, -2.089105803066822, -2.0891096177640875, -2.08912487655315, -2.089143950039478, -2.089143950039478, -5.114916044766041, -5.122591215664478, -5.124658781582447, -5.136224943691822]
max= [245] min= 0
penalty= 3000 coup= 9000
maxprob= [-2.226135392695973, -2.226135392695973, -2.226143022090504, -2.226143022090504, -2.2261506514850353, -2.2261506514850353, -4.819961686641285, -4.831722398311207, -4.849266191035817, -4.857105393916676]
max= [245, 371] min= 0
penalty= 4000 coup= 9000
maxprob= [-3.6030406890878908, -3.6030445037851564, -3.6030445037851564, -3.6030521331796876, -3.6030559478769533, -3.603059762574219, -4.2413082061777345, -4.253217691041016, -4.270830148316406, -4.278764718628906]
max= [245] min= 56
penalty= 5000 coup= 9000
maxprob= [-3.2518255154916034, -3.2558118741341815, -3.2717649380990252, -3.2837278287240252, -3.285722915393947, -3.2936956326791034, -4.257406417591213, -4.277403060657619, -4.285295669300197, -4.2893201749154315]
max= [273] min= 56
penalty= 6000 coup= 9000
maxprob= [-2.0880742992018497, -2.0920721019362247, -2.1080480540846622, -2.120033832893256, -2.1220327342604435, -2.1300207103346622, -5.077911945686225, -5.081917377815131, -5.084747883186225, -5.093483539924506]
max= [273] min= 56
penalty= 7000 coup= 9000
maxprob= [-1.8218788709819194, -1.8258766737162944, -1.8418602552592631, -1.8538612928569194, -1.8558601942241069, -1.8638557996928569, -6.727510890024888, -6.731516322153794, -6.742525538462388, -6.746294459360826]
max= [273] min= 56
penalty= 8000 coup= 9000
maxprob= [-1.798849554585388, -1.802847357319763, -1.8188538270463255, -1.8308472352494505, -1.832846136616638, -1.840841742085388, -4.579763861226013, -4.582785101460388, -8.5140137391557, -8.518011541890075]
max= [273] min= 56
penalty= 9000 coup= 9000
maxprob= [-1.9059655087116312, -1.9070717709186624, -2.1243569271686624, -2.1283547299030374, -2.1443611996296, -2.156362237227256, -2.1583611385944437, -2.1663567440631937, -10.455289544356162, -10.459287347090537]
max= [0] min= 56
