penalty= 1000 coup= 100
maxprob= [-0.6931454819626879, -0.6935574692673754, -10.693557469267375, -10.693557469267375, -10.693557469267375, -10.693557469267375, -10.693557469267375, -10.693557469267375, -10.693557469267375, -10.693557469267375]
max= [0] min= 56
penalty= 1000 coup= 200
maxprob= [-0.69314548198399, -0.6935574692886775, -10.693557469288677, -10.693557469288677, -10.693557469288677, -10.693557469288677, -10.693557469288677, -10.693557469288677, -10.693557469288677, -10.693557469288677]
max= [0] min= 56
penalty= 1000 coup= 300
maxprob= [-0.6931454822135805, -0.693557469518268, -10.693557469518268, -10.693557469518268, -10.693557469518268, -10.693557469518268, -10.693557469518268, -10.693557469518268, -10.693557469518268, -10.693557469518268]
max= [0] min= 56
penalty= 1000 coup= 400
maxprob= [-0.6931454862852462, -0.6935574735899337, -10.693557473589934, -10.693557473589934, -10.693557473589934, -10.693557473589934, -10.693557473589934, -10.693557473589934, -10.693557473589934, -10.693557473589934]
max= [0] min= 56
penalty= 1000 coup= 500
maxprob= [-0.6931455665969821, -0.6935575539016696, -10.69355755390167, -10.69355755390167, -10.69355755390167, -10.69355755390167, -10.69355755390167, -10.69355755390167, -10.69355755390167, -10.69355755390167]
max= [0] min= 56
penalty= 1000 coup= 600
maxprob= [-0.6931471756834355, -0.693559162988123, -10.693559162988123, -10.693559162988123, -10.693559162988123, -10.693559162988123, -10.693559162988123, -10.693559162988123, -10.693559162988123, -10.693559162988123]
max= [0] min= 56
penalty= 1000 coup= 700
maxprob= [-0.6931794836850145, -0.693591470989702, -10.693591470989702, -10.693591470989702, -10.693591470989702, -10.693591470989702, -10.693591470989702, -10.693591470989702, -10.693591470989702, -10.693591470989702]
max= [0] min= 56
penalty= 1000 coup= 800
maxprob= [-0.693828166508581, -0.6942401538132685, -8.8740573535203, -8.914058269047644, -9.074061931157019, -9.194057048344519, -9.214053691410925, -9.294047893071081, -10.694232524418737, -10.694232524418737]
max= [0] min= 56
penalty= 1000 coup= 900
maxprob= [-0.7067694052576599, -0.7071813925623474, -5.886998592269379, -5.926999507796722, -6.087003169906097, -6.206998287093597, -6.226987300765472, -6.30698913182016, -10.707166133773285, -10.707166133773285]
max= [0] min= 56
penalty= 1000 coup= 1000
maxprob= [-0.9365191748862856, -0.936931162190973, -3.1167483618980043, -3.156749277425348, -3.316752939534723, -3.436748056722223, -3.456737070394098, -3.5367389014487856, -10.936885385823786, -10.936885385823786]
max= [0] min= 56
penalty= 1000 coup= 2000
maxprob= [-3.211342362420609, -3.291229752557328, -3.3312306680846717, -3.4113316812682655, -3.4912267007995155, -3.6112294473815467, -3.611298111932328, -3.631226090447953, -3.6512990274596717, -3.711220292108109]
max= [149] min= 504
penalty= 1000 coup= 3000
maxprob= [-1.7961747481998884, -1.796190006988951, -1.796190006988951, -1.796190006988951, -1.796190006988951, -1.796190006988951, -8.096193058746763, -8.216188175934263, -8.396180851715513, -8.476182682770201]
max= [245] min= 0
penalty= 1000 coup= 4000
maxprob= [-1.7917469893069722, -1.7917622480960347, -1.7917622480960347, -1.7917622480960347, -1.7917622480960347, -1.7917622480960347, -18.091750041064785, -18.211760417041347, -18.391753092822597, -18.471770182666347]
max= [245] min= 0
penalty= 1000 coup= 5000
maxprob= [-1.7917889608415294, -1.7917889608415294, -1.7917889608415294, -1.7917889608415294, -1.7917889608415294, -1.7917889608415294, -12.791758443263404, -12.871775533107154, -12.89176454677903, -13.01175966396653]
max= [238, 245, 350, 371, 413, 427] min= 0
penalty= 1000 coup= 6000
maxprob= [-2.313217241440043, -2.313247759018168, -2.313247759018168, -2.313247759018168, -2.313247759018168, -2.313278276596293, -3.313217241440043, -3.393264848861918, -3.413253862533793, -3.533248979721293]
max= [350] min= 0
penalty= 1000 coup= 7000
maxprob= [-0.01289337607198604, -5.532882389743861, -6.092910465915736, -6.332931217868861, -6.652908024509486, -6.792922672946986, -7.072860417087611, -7.212905583103236, -7.712905583103236, -7.912887272556361]
max= [511] min= 0
penalty= 1000 coup= 8000
maxprob= [nan, nan, nan, nan, -inf, -inf, -inf, -inf, -inf, -inf]
max= [] min= 1
penalty= 1000 coup= 9000
maxprob= [nan, nan, nan, nan, nan, nan, -inf, -inf, nan, nan]
max= [] min= 1
penalty= 1000 coup= 1000
maxprob= [-0.9365191748862856, -0.936931162190973, -3.1167483618980043, -3.156749277425348, -3.316752939534723, -3.436748056722223, -3.456737070394098, -3.5367389014487856, -10.936885385823786, -10.936885385823786]
max= [0] min= 56
penalty= 2000 coup= 1000
maxprob= [-0.6931471898351731, -0.6931471898351731, -20.693147189835173, -20.693147189835173, -20.693147189835173, -20.693147189835173, -20.693147189835173, -20.693147189835173, -20.693147189835173, -20.693147189835173]
max= [0, 511] min= 56
penalty= 3000 coup= 1000
maxprob= [-0.6931471805603451, -0.6931471805603451, -30.693147180560345, -30.693147180560345, -30.693147180560345, -30.693147180560345, -30.693147180560345, -30.693147180560345, -30.693147180560345, -30.693147180560345]
max= [0, 511] min= 56
penalty= 4000 coup= 1000
maxprob= [-0.6931471805599472, -0.6931471805599472, -40.69314718055995, -40.69314718055995, -40.69314718055995, -40.69314718055995, -40.69314718055995, -40.69314718055995, -40.69314718055995, -40.69314718055995]
max= [0, 511] min= 56
penalty= 5000 coup= 1000
maxprob= [-0.6931471805599472, -0.6931471805599472, -50.69314718055995, -50.69314718055995, -50.69314718055995, -50.69314718055995, -50.69314718055995, -50.69314718055995, -50.69314718055995, -50.69314718055995]
max= [0, 511] min= 56
penalty= 6000 coup= 1000
maxprob= [-0.6931471805598903, -0.6931471805598903, -60.69314718055989, -60.69314718055989, -60.69314718055989, -60.69314718055989, -60.69314718055989, -60.69314718055989, -60.69314718055989, -60.69314718055989]
max= [0, 511] min= 56
penalty= 7000 coup= 1000
maxprob= [-0.6931471805598903, -0.6931471805598903, -70.69314718055989, -70.69314718055989, -70.69314718055989, -70.69314718055989, -70.69314718055989, -70.69314718055989, -70.69314718055989, -70.69314718055989]
max= [0, 511] min= 56
penalty= 8000 coup= 1000
maxprob= [nan, nan, nan, nan, -inf, -inf, -inf, -inf, -inf, -inf]
max= [] min= 1
penalty= 9000 coup= 1000
maxprob= [nan, nan, nan, nan, nan, nan, nan, -inf, nan, nan]
max= [] min= 0
penalty= 1000 coup= 2000
maxprob= [-3.211342362420609, -3.291229752557328, -3.3312306680846717, -3.4113316812682655, -3.4912267007995155, -3.6112294473815467, -3.611298111932328, -3.631226090447953, -3.6512990274596717, -3.711220292108109]
max= [149] min= 504
penalty= 2000 coup= 2000
maxprob= [-0.9364933191971829, -0.9364933191971829, -3.116485994978433, -3.156494539900308, -3.316498202009683, -3.436493319197183, -3.456482332869058, -3.536499422712808, -20.936493319197183, -20.936493319197183]
max= [0, 511] min= 56
penalty= 3000 coup= 2000
maxprob= [-0.6931471805604019, -0.6931471805604019, -30.693147180560402, -30.693147180560402, -30.693147180560402, -30.693147180560402, -30.693147180560402, -30.693147180560402, -30.693147180560402, -30.693147180560402]
max= [0, 511] min= 56
penalty= 4000 coup= 2000
maxprob= [-0.6931471805599472, -0.6931471805599472, -40.69314718055995, -40.69314718055995, -40.69314718055995, -40.69314718055995, -40.69314718055995, -40.69314718055995, -40.69314718055995, -40.69314718055995]
max= [0, 511] min= 56
penalty= 5000 coup= 2000
maxprob= [-0.6931471805599472, -0.6931471805599472, -50.69314718055995, -50.69314718055995, -50.69314718055995, -50.69314718055995, -50.69314718055995, -50.69314718055995, -50.69314718055995, -50.69314718055995]
max= [0, 511] min= 56
penalty= 6000 coup= 2000
maxprob= [-0.6931471805598903, -0.6931471805598903, -60.69314718055989, -60.69314718055989, -60.69314718055989, -60.69314718055989, -60.69314718055989, -60.69314718055989, -60.69314718055989, -60.69314718055989]
max= [0, 511] min= 56
penalty= 7000 coup= 2000
maxprob= [nan, nan, nan, nan, -inf, -inf, -inf, -inf, -inf, -inf]
max= [] min= 1
penalty= 8000 coup= 2000
maxprob= [nan, nan, nan, nan, -inf, -inf, -inf, -inf, -inf, -inf]
max= [] min= 1
penalty= 9000 coup= 2000
maxprob= [nan, nan, nan, nan, nan, nan, nan, -inf, nan, nan]
max= [] min= 0
penalty= 1000 coup= 3000
maxprob= [-1.7961747481998884, -1.796190006988951, -1.796190006988951, -1.796190006988951, -1.796190006988951, -1.796190006988951, -8.096193058746763, -8.216188175934263, -8.396180851715513, -8.476182682770201]
max= [245] min= 0
penalty= 2000 coup= 3000
maxprob= [-1.5841771183208664, -1.6241856632427414, -1.7841893253521164, -1.9041844425396164, -1.9241734562114914, -2.0041905460552414, -11.504190546055241, -11.704172235508366, -11.904138666172429, -11.944131952305241]
max= [273] min= 56
penalty= 3000 coup= 3000
maxprob= [-0.9364933084565337, -0.9364933084565337, -3.1164859842377837, -3.1564945291596587, -3.3164981912690337, -3.4364933084565337, -3.4564823221284087, -3.5364994119721587, -30.936493308456534, -30.936493308456534]
max= [0, 511] min= 56
penalty= 4000 coup= 3000
maxprob= [-0.6931471805599472, -0.6931471805599472, -32.8731398563412, -32.91314840126307, -33.07315206337245, -33.19314718055995, -33.21316671180995, -33.29315328407557, -40.69314718055995, -40.69314718055995]
max= [0, 511] min= 56
penalty= 5000 coup= 3000
maxprob= [-0.6931471805599472, -0.6931471805599472, -50.69314718055995, -50.69314718055995, -50.69314718055995, -50.69314718055995, -50.69314718055995, -50.69314718055995, -50.69314718055995, -50.69314718055995]
max= [0, 511] min= 56
penalty= 6000 coup= 3000
maxprob= [nan, nan, nan, nan, -inf, -inf, -inf, -inf, -inf, -inf]
max= [] min= 1
penalty= 7000 coup= 3000
maxprob= [nan, nan, nan, nan, -inf, -inf, -inf, -inf, -inf, -inf]
max= [] min= 1
penalty= 8000 coup= 3000
maxprob= [nan, nan, nan, nan, -inf, -inf, -inf, -inf, -inf, -inf]
max= [] min= 1
penalty= 9000 coup= 3000
maxprob= [nan, nan, nan, nan, nan, nan, nan, -inf, nan, nan]
max= [] min= 0
penalty= 1000 coup= 4000
maxprob= [-1.7917469893069722, -1.7917622480960347, -1.7917622480960347, -1.7917622480960347, -1.7917622480960347, -1.7917622480960347, -18.091750041064785, -18.211760417041347, -18.391753092822597, -18.471770182666347]
max= [245] min= 0
penalty= 2000 coup= 4000
maxprob= [-3.2112579703569395, -3.291259801411627, -3.3312530875444395, -3.411254918599127, -3.4912567496538145, -3.6112518668413145, -3.6112518668413145, -3.631256139302252, -3.6512604117631895, -3.7112579703569395]
max= [149] min= 504
penalty= 3000 coup= 4000
maxprob= [-1.5840041899185167, -1.6240127348403917, -1.7840163969497667, -1.9040115141372667, -1.9240310453872667, -2.0040176176528917, -21.50401761765289, -21.703999307106017, -21.903950478981017, -21.94395902390289]
max= [273] min= 56
penalty= 4000 coup= 4000
maxprob= [-0.9364923459300485, -0.9364923459300485, -3.1164850217112985, -3.1564935666331735, -3.3164972287425485, -3.4364923459300485, -3.4565118771800485, -3.5364984494456735, -40.93649234593005, -40.93649234593005]
max= [0, 511] min= 56
penalty= 5000 coup= 4000
maxprob= [nan, nan, nan, nan, -inf, -inf, -inf, -inf, -inf, -inf]
max= [] min= 1
penalty= 6000 coup= 4000
maxprob= [nan, nan, nan, nan, -inf, -inf, -inf, -inf, -inf, -inf]
max= [] min= 1
penalty= 7000 coup= 4000
maxprob= [nan, nan, nan, nan, -inf, -inf, -inf, -inf, -inf, -inf]
max= [] min= 1
penalty= 8000 coup= 4000
maxprob= [nan, nan, nan, nan, -inf, -inf, -inf, -inf, -inf, -inf]
max= [] min= 1
penalty= 9000 coup= 4000
maxprob= [nan, nan, nan, nan, nan, nan, nan, -inf, nan, nan]
max= [] min= 0
penalty= 1000 coup= 5000
maxprob= [-1.7917889608415294, -1.7917889608415294, -1.7917889608415294, -1.7917889608415294, -1.7917889608415294, -1.7917889608415294, -12.791758443263404, -12.871775533107154, -12.89176454677903, -13.01175966396653]
max= [238, 245, 350, 371, 413, 427] min= 0
penalty= 2000 coup= 5000
maxprob= [-1.7961620151685338, -1.7961925327466588, -1.7961925327466588, -1.7961925327466588, -1.7961925327466588, -1.7961925327466588, -8.096180325715409, -8.216175442902909, -8.396168118684159, -8.476185208527909]
max= [245] min= 56
penalty= 3000 coup= 5000
maxprob= [-1.5841726542133188, -1.6241811991351938, -1.7841848612445688, -1.9041799784320688, -1.9241995096820688, -2.0041860819476938, -11.504186081947694, -11.704167771400819, -11.904179978432069, -11.944188523353944]
max= [273] min= 56
penalty= 4000 coup= 5000
maxprob= [nan, nan, nan, nan, -inf, -inf, -inf, -inf, -inf, -inf]
max= [] min= 1
penalty= 5000 coup= 5000
maxprob= [nan, nan, nan, nan, -inf, -inf, -inf, -inf, -inf, -inf]
max= [] min= 1
penalty= 6000 coup= 5000
maxprob= [nan, nan, nan, nan, -inf, -inf, -inf, -inf, -inf, -inf]
max= [] min= 1
penalty= 7000 coup= 5000
maxprob= [nan, nan, nan, nan, -inf, -inf, -inf, -inf, -inf, -inf]
max= [] min= 1
penalty= 8000 coup= 5000
maxprob= [nan, nan, nan, nan, -inf, -inf, -inf, -inf, -inf, -inf]
max= [] min= 1
penalty= 9000 coup= 5000
maxprob= [nan, nan, nan, nan, nan, nan, nan, -inf, nan, nan]
max= [] min= 0
penalty= 1000 coup= 6000
maxprob= [-2.313217241440043, -2.313247759018168, -2.313247759018168, -2.313247759018168, -2.313247759018168, -2.313278276596293, -3.313217241440043, -3.393264848861918, -3.413253862533793, -3.533248979721293]
max= [350] min= 0
penalty= 2000 coup= 6000
maxprob= [-1.7917596706606673, -1.7917596706606673, -1.7917596706606673, -1.7917596706606673, -1.7917596706606673, -1.7917596706606673, -18.091747463629417, -18.211773098395042, -18.391735256598167, -18.471752346441917]
max= [238, 245, 350, 371, 413, 427] min= 0
penalty= 3000 coup= 6000
maxprob= [nan, nan, nan, nan, -inf, -inf, -inf, -inf, -inf, -inf]
max= [] min= 1
penalty= 4000 coup= 6000
maxprob= [nan, nan, nan, nan, -inf, -inf, -inf, -inf, -inf, -inf]
max= [] min= 1
penalty= 5000 coup= 6000
maxprob= [nan, nan, nan, nan, -inf, -inf, -inf, -inf, -inf, -inf]
max= [] min= 1
penalty= 6000 coup= 6000
maxprob= [nan, nan, nan, nan, -inf, -inf, -inf, -inf, -inf, -inf]
max= [] min= 1
penalty= 7000 coup= 6000
maxprob= [nan, nan, nan, nan, -inf, -inf, -inf, -inf, -inf, -inf]
max= [] min= 1
penalty= 8000 coup= 6000
maxprob= [nan, nan, nan, nan, -inf, -inf, -inf, -inf, -inf, -inf]
max= [] min= 1
penalty= 9000 coup= 6000
maxprob= [nan, nan, nan, nan, nan, nan, nan, -inf, nan, nan]
max= [] min= 0
penalty= 1000 coup= 7000
maxprob= [-0.01289337607198604, -5.532882389743861, -6.092910465915736, -6.332931217868861, -6.652908024509486, -6.792922672946986, -7.072860417087611, -7.212905583103236, -7.712905583103236, -7.912887272556361]
max= [511] min= 0
penalty= 2000 coup= 7000
maxprob= [nan, nan, nan, nan, -inf, -inf, -inf, -inf, -inf, -inf]
max= [] min= 1
penalty= 3000 coup= 7000
maxprob= [nan, nan, nan, nan, -inf, -inf, -inf, -inf, -inf, -inf]
max= [] min= 1
penalty= 4000 coup= 7000
maxprob= [nan, nan, nan, nan, -inf, -inf, -inf, -inf, -inf, -inf]
max= [] min= 1
penalty= 5000 coup= 7000
maxprob= [nan, nan, nan, nan, -inf, -inf, -inf, -inf, -inf, -inf]
max= [] min= 1
penalty= 6000 coup= 7000
maxprob= [nan, nan, nan, nan, -inf, -inf, -inf, -inf, -inf, -inf]
max= [] min= 1
penalty= 7000 coup= 7000
maxprob= [nan, nan, nan, nan, -inf, -inf, -inf, -inf, -inf, -inf]
max= [] min= 1
penalty= 8000 coup= 7000
maxprob= [nan, nan, nan, nan, -inf, -inf, -inf, -inf, -inf, -inf]
max= [] min= 1
penalty= 9000 coup= 7000
maxprob= [nan, nan, nan, nan, nan, nan, nan, -inf, nan, nan]
max= [] min= 0
penalty= 1000 coup= 8000
maxprob= [nan, nan, nan, nan, -inf, -inf, -inf, -inf, -inf, -inf]
max= [] min= 1
penalty= 2000 coup= 8000
maxprob= [nan, nan, nan, nan, -inf, -inf, -inf, -inf, -inf, -inf]
max= [] min= 1
penalty= 3000 coup= 8000
maxprob= [nan, nan, nan, nan, -inf, -inf, -inf, -inf, -inf, -inf]
max= [] min= 1
penalty= 4000 coup= 8000
maxprob= [nan, nan, nan, nan, -inf, -inf, -inf, -inf, -inf, -inf]
max= [] min= 1
penalty= 5000 coup= 8000
maxprob= [nan, nan, nan, nan, -inf, -inf, -inf, -inf, -inf, -inf]
max= [] min= 1
penalty= 6000 coup= 8000
maxprob= [nan, nan, nan, nan, -inf, -inf, -inf, -inf, -inf, -inf]
max= [] min= 1
penalty= 7000 coup= 8000
maxprob= [nan, nan, nan, nan, -inf, -inf, -inf, -inf, -inf, -inf]
max= [] min= 1
penalty= 8000 coup= 8000
maxprob= [nan, nan, nan, nan, -inf, -inf, -inf, -inf, -inf, -inf]
max= [] min= 1
penalty= 9000 coup= 8000
maxprob= [nan, nan, nan, nan, nan, nan, nan, -inf, nan, nan]
max= [] min= 0
penalty= 1000 coup= 9000
maxprob= [nan, nan, nan, nan, nan, nan, -inf, -inf, nan, nan]
max= [] min= 1
penalty= 2000 coup= 9000
maxprob= [nan, nan, nan, nan, nan, nan, -inf, -inf, nan, nan]
max= [] min= 1
penalty= 3000 coup= 9000
maxprob= [nan, nan, nan, nan, nan, nan, -inf, -inf, nan, nan]
max= [] min= 1
penalty= 4000 coup= 9000
maxprob= [nan, nan, nan, nan, nan, nan, -inf, -inf, nan, nan]
max= [] min= 1
penalty= 5000 coup= 9000
maxprob= [nan, nan, nan, nan, nan, nan, -inf, -inf, nan, nan]
max= [] min= 1
penalty= 6000 coup= 9000
maxprob= [nan, nan, nan, nan, nan, nan, -inf, -inf, nan, nan]
max= [] min= 1
penalty= 7000 coup= 9000
maxprob= [nan, nan, nan, nan, nan, nan, -inf, -inf, nan, nan]
max= [] min= 1
penalty= 8000 coup= 9000
maxprob= [nan, nan, nan, nan, nan, nan, -inf, -inf, nan, nan]
max= [] min= 1
penalty= 9000 coup= 9000
maxprob= [nan, nan, nan, nan, nan, nan, nan, -inf, nan, nan]
max= [] min= 0
