coeff= 0 output= [-408.   12. -284. -208.   60. -752.   16.  148. -528. -560.]
coeff= 10 output= [1980. 1980. 1980. 1980. 1980. 1980. 1980. 1980. 1980. 1980.]
coeff= 20 output= [2520. 2520. 2520. 2520. 2520. 2520. 2520. 2520. 2520. 2520.]
coeff= 30 output= [3060. 3060. 3060. 3060. 3060. 3060. 3060. 3060. 3060. 3060.]
coeff= 40 output= [3600. 3600. 3600. 3600. 3600. 3600. 3600. 3600. 3600. 3600.]
coeff= 50 output= [4140. 4140. 4140. 4140. 4140. 4140. 4140. 4140. 4140. 4140.]
coeff= 60 output= [4680. 4680. 4680. 4680. 4680. 4680. 4680. 4680. 4680. 4680.]
coeff= 70 output= [5220. 5220. 5220. 5220. 5220. 5220. 5220. 5220. 5220. 5220.]
coeff= 80 output= [5760. 5760. 5760. 5760. 5760. 5760. 5760. 5760. 5760. 5760.]
coeff= 90 output= [6300. 6300. 6300. 6300. 6300. 6300. 6300. 6300. 6300. 6300.]
coeff= 100 output= [6840. 6840. 6840. 6840. 6840. 6840. 6840. 6840. 6840. 6840.]
coeff= 200 output= [12240. 12240. 12240. 12240. 12240. 12240. 12240. 12240. 12240. 12240.]
coeff= 300 output= [17640. 17640. 17640. 17640. 17640. 17640. 17640. 17640. 17640. 17640.]
coeff= 400 output= [23040. 23040. 23040. 23040. 23040. 23040. 23040. 23040. 23040. 23040.]
coeff= 500 output= [28440. 28440. 28440. 28440. 28440. 28440. 28440. 28440. 28440. 28440.]
coeff= 600 output= [33840. 33840. 33840. 33840. 33840. 33840. 33840. 33840. 33840. 33840.]
coeff= 700 output= [39240. 39240. 39240. 39240. 39240. 39240. 39240. 39240. 39240. 39240.]
coeff= 800 output= [44640. 44640. 44640. 44640. 44640. 44640. 44640. 44640. 44640. 44640.]
coeff= 900 output= [50040. 50040. 50040. 50040. 50040. 50040. 50040. 50040. 50040. 50040.]
coeff= 100.0 output= [6840. 6840. 6840. 6840. 6840. 6840. 6840. 6840. 6840. 6840.]
coeff= 200.0 output= [12240. 12240. 12240. 12240. 12240. 12240. 12240. 12240. 12240. 12240.]
coeff= 300.0 output= [17640. 17640. 17640. 17640. 17640. 17640. 17640. 17640. 17640. 17640.]
coeff= 400.0 output= [23040. 23040. 23040. 23040. 23040. 23040. 23040. 23040. 23040. 23040.]
coeff= 500.0 output= [28440. 28440. 28440. 28440. 28440. 28440. 28440. 28440. 28440. 28440.]
coeff= 600.0 output= [33840. 33840. 33840. 33840. 33840. 33840. 33840. 33840. 33840. 33840.]
coeff= 700.0 output= [39240. 39240. 39240. 39240. 39240. 39240. 39240. 39240. 39240. 39240.]
coeff= 800.0 output= [44640. 44640. 44640. 44640. 44640. 44640. 44640. 44640. 44640. 44640.]
coeff= 900.0 output= [50040. 50040. 50040. 50040. 50040. 50040. 50040. 50040. 50040. 50040.]
