penalty= 100 coup= 200 temp= 0.1 num_correct= 10
penalty= 200 coup= 400 temp= 0.1 num_correct= 2
penalty= 300 coup= 600 temp= 0.1 num_correct= 4
penalty= 400 coup= 800 temp= 0.1 num_correct= 5
penalty= 500 coup= 1000 temp= 0.1 num_correct= 0
penalty= 600 coup= 1200 temp= 0.1 num_correct= 3
penalty= 700 coup= 1400 temp= 0.1 num_correct= 3
penalty= 800 coup= 1600 temp= 0.1 num_correct= 3
penalty= 900 coup= 1800 temp= 0.1 num_correct= 2
penalty= 1000 coup= 2000 temp= 0.001 num_correct= 29
penalty= 2000 coup= 4000 temp= 0.001 num_correct= 21
penalty= 3000 coup= 6000 temp= 0.001 num_correct= 14
penalty= 4000 coup= 8000 temp= 0.001 num_correct= 7
penalty= 5000 coup= 10000 temp= 0.001 num_correct= 2
penalty= 6000 coup= 12000 temp= 0.001 num_correct= 2
penalty= 7000 coup= 14000 temp= 0.001 num_correct= 1
penalty= 8000 coup= 16000 temp= 0.001 num_correct= 3
penalty= 9000 coup= 18000 temp= 0.001 num_correct= 0
penalty= 1000 coup= 2000 temp= 0.0001 num_correct= 1
penalty= 1000 coup= 2000 temp= 0.0002 num_correct= 2
penalty= 1000 coup= 2000 temp= 0.00030000000000000003 num_correct= 4
penalty= 1000 coup= 2000 temp= 0.0004 num_correct= 5
penalty= 1000 coup= 2000 temp= 0.0005 num_correct= 17
penalty= 1000 coup= 2000 temp= 0.0006000000000000001 num_correct= 14
penalty= 1000 coup= 2000 temp= 0.0007 num_correct= 21
penalty= 1000 coup= 2000 temp= 0.0008 num_correct= 24
penalty= 1000 coup= 2000 temp= 0.0009000000000000001 num_correct= 29
penalty= 1000 coup= 2000 temp= 0.001 num_correct= 24
penalty= 1000 coup= 2000 temp= 0.002 num_correct= 42
penalty= 1000 coup= 2000 temp= 0.003 num_correct= 26
penalty= 1000 coup= 2000 temp= 0.004 num_correct= 21
penalty= 1000 coup= 2000 temp= 0.005 num_correct= 16
penalty= 1000 coup= 2000 temp= 0.006 num_correct= 9
penalty= 1000 coup= 2000 temp= 0.007 num_correct= 6
penalty= 1000 coup= 2000 temp= 0.008 num_correct= 9
penalty= 1000 coup= 2000 temp= 0.009000000000000001 num_correct= 1
